<?xml version="1.0" encoding="UTF-8"?>
<testsuite xmlns:xsi="http://www.w3.org/2001/XMLSchema-instance" xsi:noNamespaceSchemaLocation="https://maven.apache.org/surefire/maven-surefire-plugin/xsd/surefire-test-report-3.0.xsd" version="3.0" name="com.backend.TurnoServiceTest" time="1.136" tests="2" errors="0" skipped="0" failures="1">
  <properties>
[...]
</properties>
  <testcase name="deberiaRegistrarseUnTurnoYObtenerElIdCorrespondienteParaPacienteyOdontologoEnH2" classname="com.backend.TurnoServiceTest" time="0.675">
    <system-out><![CDATA[00:10:11.644 [main] INFO com.backend.clinica.repository.impl.DomicilioDaoH2 - Se ha registrado el domicilio: Domicilio{id=5, calle=18 de julio, numero='2345', localidad='Montevideo', provincia='Montevideo'}
00:10:11.644 [main] INFO com.backend.clinica.repository.impl.PacienteDaoH2 - Se ha registrado el paciente: Id: 5 - Nombre: Nombre - Apellido: Apellido - DNI: 123456 - Fechas de ingreso: 2023-05-02 - Domicilio: Domicilio{id=5, calle=18 de julio, numero='2345', localidad='Montevideo', provincia='Montevideo'}
00:10:11.867 [main] INFO com.backend.clinica.repository.impl.OdontologoDaoH2 - Se ha registrado un odontologo Odontologo{id=7, matricula=123456789, nombre='Doctor', apellido='Test'}
00:10:12.090 [main] INFO com.backend.clinica.repository.impl.OdontologoDaoH2 - Se ha registrado un odontologo Odontologo{id=8, matricula=123456789, nombre='Doctor', apellido='Test'}
00:10:12.091 [main] INFO com.backend.clinica.repository.impl.DomicilioDaoH2 - Se ha registrado el domicilio: Domicilio{id=6, calle=18 de julio, numero='2345', localidad='Montevideo', provincia='Montevideo'}
00:10:12.092 [main] INFO com.backend.clinica.repository.impl.PacienteDaoH2 - Se ha registrado el paciente: Id: 6 - Nombre: Nombre - Apellido: Apellido - DNI: 123456 - Fechas de ingreso: 2023-05-02 - Domicilio: Domicilio{id=6, calle=18 de julio, numero='2345', localidad='Montevideo', provincia='Montevideo'}
00:10:12.095 [main] INFO com.backend.clinica.repository.impl.TurnoDaoH2 - Se ha registrado el turno: Id: 1 - Paciente: Id: 6 - Nombre: Nombre - Apellido: Apellido - DNI: 123456 - Fechas de ingreso: 2023-05-02 - Domicilio: Domicilio{id=6, calle=18 de julio, numero='2345', localidad='Montevideo', provincia='Montevideo'} - Odontologo: Odontologo{id=8, matricula=123456789, nombre='Doctor', apellido='Test'} - Fecha: 2023-07-02T12:12:12
]]></system-out>
  </testcase>
  <testcase name="deberiaRetornarseUnaListaNoVaciaDeTurnosEnH2" classname="com.backend.TurnoServiceTest" time="0.457">
    <failure type="org.opentest4j.AssertionFailedError"><![CDATA[org.opentest4j.AssertionFailedError: expected: <false> but was: <true>
	at com.backend.TurnoServiceTest.deberiaRetornarseUnaListaNoVaciaDeTurnosEnH2(TurnoServiceTest.java:69)
]]></failure>
    <system-out><![CDATA[00:10:12.318 [main] INFO com.backend.clinica.repository.impl.OdontologoDaoH2 - Se ha registrado un odontologo Odontologo{id=9, matricula=123456789, nombre='Doctor3', apellido='Test'}
00:10:12.320 [main] INFO com.backend.clinica.repository.impl.DomicilioDaoH2 - Se ha registrado el domicilio: Domicilio{id=7, calle=188 de julio, numero='2345', localidad='Montevideo', provincia='Montevideo'}
00:10:12.320 [main] INFO com.backend.clinica.repository.impl.PacienteDaoH2 - Se ha registrado el paciente: Id: 7 - Nombre: Nombre3 - Apellido: Apellido - DNI: 123456 - Fechas de ingreso: 2023-05-02 - Domicilio: Domicilio{id=7, calle=188 de julio, numero='2345', localidad='Montevideo', provincia='Montevideo'}
00:10:12.321 [main] INFO com.backend.clinica.repository.impl.TurnoDaoH2 - Se ha registrado el turno: Id: 2 - Paciente: Id: 7 - Nombre: Nombre3 - Apellido: Apellido - DNI: 123456 - Fechas de ingreso: 2023-05-02 - Domicilio: Domicilio{id=7, calle=188 de julio, numero='2345', localidad='Montevideo', provincia='Montevideo'} - Odontologo: Odontologo{id=9, matricula=123456789, nombre='Doctor3', apellido='Test'} - Fecha: 2023-07-02T12:12:12
00:10:12.540 [main] INFO com.backend.clinica.repository.impl.DomicilioDaoH2 - Se ha encontrado el domicilio: Domicilio{id=6, calle=18 de julio, numero='2345', localidad='Montevideo', provincia='Montevideo'}
00:10:12.541 [main] INFO com.backend.clinica.repository.impl.PacienteDaoH2 - Se ha encontrado el odontologo: Id: 6 - Nombre: Nombre - Apellido: Apellido - DNI: 123456 - Fechas de ingreso: 2023-05-02 - Domicilio: Domicilio{id=6, calle=18 de julio, numero='2345', localidad='Montevideo', provincia='Montevideo'}
00:10:12.541 [main] INFO com.backend.clinica.repository.impl.OdontologoDaoH2 - Se ha encontrado el odontologo: Odontologo{id=8, matricula=123456789, nombre='Doctor', apellido='Test'}
00:10:12.550 [main] ERROR com.backend.clinica.repository.impl.TurnoDaoH2 - Columna "fecha" no encontrada
Column "fecha" not found [42122-224]
00:10:12.755 [main] INFO com.backend.clinica.repository.impl.TurnoDaoH2 - Listado de todos los turnos: []
]]></system-out>
    <system-err><![CDATA[org.h2.jdbc.JdbcSQLSyntaxErrorException: Columna "fecha" no encontrada
Column "fecha" not found [42122-224]
	at org.h2.message.DbException.getJdbcSQLException(DbException.java:514)
	at org.h2.message.DbException.getJdbcSQLException(DbException.java:489)
	at org.h2.message.DbException.get(DbException.java:223)
	at org.h2.message.DbException.get(DbException.java:199)
	at org.h2.jdbc.JdbcResultSet.getColumnIndex(JdbcResultSet.java:3492)
	at org.h2.jdbc.JdbcResultSet.getDate(JdbcResultSet.java:478)
	at com.backend.clinica.repository.impl.TurnoDaoH2.crearObjetoTurno(TurnoDaoH2.java:126)
	at com.backend.clinica.repository.impl.TurnoDaoH2.listarTodos(TurnoDaoH2.java:98)
	at com.backend.clinica.service.impl.TurnoService.listarTurnos(TurnoService.java:27)
	at com.backend.TurnoServiceTest.deberiaRetornarseUnaListaNoVaciaDeTurnosEnH2(TurnoServiceTest.java:69)
	at java.base/jdk.internal.reflect.DirectMethodHandleAccessor.invoke(DirectMethodHandleAccessor.java:103)
	at java.base/java.lang.reflect.Method.invoke(Method.java:580)
	at org.junit.platform.commons.util.ReflectionUtils.invokeMethod(ReflectionUtils.java:725)
	at org.junit.jupiter.engine.execution.MethodInvocation.proceed(MethodInvocation.java:60)
	at org.junit.jupiter.engine.execution.InvocationInterceptorChain$ValidatingInvocation.proceed(InvocationInterceptorChain.java:131)
	at org.junit.jupiter.engine.extension.TimeoutExtension.intercept(TimeoutExtension.java:149)
	at org.junit.jupiter.engine.extension.TimeoutExtension.interceptTestableMethod(TimeoutExtension.java:140)
	at org.junit.jupiter.engine.extension.TimeoutExtension.interceptTestMethod(TimeoutExtension.java:84)
	at org.junit.jupiter.engine.execution.ExecutableInvoker$ReflectiveInterceptorCall.lambda$ofVoidMethod$0(ExecutableInvoker.java:115)
	at org.junit.jupiter.engine.execution.ExecutableInvoker.lambda$invoke$0(ExecutableInvoker.java:105)
	at org.junit.jupiter.engine.execution.InvocationInterceptorChain$InterceptedInvocation.proceed(InvocationInterceptorChain.java:106)
	at org.junit.jupiter.engine.execution.InvocationInterceptorChain.proceed(InvocationInterceptorChain.java:64)
	at org.junit.jupiter.engine.execution.InvocationInterceptorChain.chainAndInvoke(InvocationInterceptorChain.java:45)
	at org.junit.jupiter.engine.execution.InvocationInterceptorChain.invoke(InvocationInterceptorChain.java:37)
	at org.junit.jupiter.engine.execution.ExecutableInvoker.invoke(ExecutableInvoker.java:104)
	at org.junit.jupiter.engine.execution.ExecutableInvoker.invoke(ExecutableInvoker.java:98)
	at org.junit.jupiter.engine.descriptor.TestMethodTestDescriptor.lambda$invokeTestMethod$7(TestMethodTestDescriptor.java:214)
	at org.junit.platform.engine.support.hierarchical.ThrowableCollector.execute(ThrowableCollector.java:73)
	at org.junit.jupiter.engine.descriptor.TestMethodTestDescriptor.invokeTestMethod(TestMethodTestDescriptor.java:210)
	at org.junit.jupiter.engine.descriptor.TestMethodTestDescriptor.execute(TestMethodTestDescriptor.java:135)
	at org.junit.jupiter.engine.descriptor.TestMethodTestDescriptor.execute(TestMethodTestDescriptor.java:66)
	at org.junit.platform.engine.support.hierarchical.NodeTestTask.lambda$executeRecursively$6(NodeTestTask.java:151)
	at org.junit.platform.engine.support.hierarchical.ThrowableCollector.execute(ThrowableCollector.java:73)
	at org.junit.platform.engine.support.hierarchical.NodeTestTask.lambda$executeRecursively$8(NodeTestTask.java:141)
	at org.junit.platform.engine.support.hierarchical.Node.around(Node.java:137)
	at org.junit.platform.engine.support.hierarchical.NodeTestTask.lambda$executeRecursively$9(NodeTestTask.java:139)
	at org.junit.platform.engine.support.hierarchical.ThrowableCollector.execute(ThrowableCollector.java:73)
	at org.junit.platform.engine.support.hierarchical.NodeTestTask.executeRecursively(NodeTestTask.java:138)
	at org.junit.platform.engine.support.hierarchical.NodeTestTask.execute(NodeTestTask.java:95)
	at java.base/java.util.ArrayList.forEach(ArrayList.java:1596)
	at org.junit.platform.engine.support.hierarchical.SameThreadHierarchicalTestExecutorService.invokeAll(SameThreadHierarchicalTestExecutorService.java:41)
	at org.junit.platform.engine.support.hierarchical.NodeTestTask.lambda$executeRecursively$6(NodeTestTask.java:155)
	at org.junit.platform.engine.support.hierarchical.ThrowableCollector.execute(ThrowableCollector.java:73)
	at org.junit.platform.engine.support.hierarchical.NodeTestTask.lambda$executeRecursively$8(NodeTestTask.java:141)
	at org.junit.platform.engine.support.hierarchical.Node.around(Node.java:137)
	at org.junit.platform.engine.support.hierarchical.NodeTestTask.lambda$executeRecursively$9(NodeTestTask.java:139)
	at org.junit.platform.engine.support.hierarchical.ThrowableCollector.execute(ThrowableCollector.java:73)
	at org.junit.platform.engine.support.hierarchical.NodeTestTask.executeRecursively(NodeTestTask.java:138)
	at org.junit.platform.engine.support.hierarchical.NodeTestTask.execute(NodeTestTask.java:95)
	at java.base/java.util.ArrayList.forEach(ArrayList.java:1596)
	at org.junit.platform.engine.support.hierarchical.SameThreadHierarchicalTestExecutorService.invokeAll(SameThreadHierarchicalTestExecutorService.java:41)
	at org.junit.platform.engine.support.hierarchical.NodeTestTask.lambda$executeRecursively$6(NodeTestTask.java:155)
	at org.junit.platform.engine.support.hierarchical.ThrowableCollector.execute(ThrowableCollector.java:73)
	at org.junit.platform.engine.support.hierarchical.NodeTestTask.lambda$executeRecursively$8(NodeTestTask.java:141)
	at org.junit.platform.engine.support.hierarchical.Node.around(Node.java:137)
	at org.junit.platform.engine.support.hierarchical.NodeTestTask.lambda$executeRecursively$9(NodeTestTask.java:139)
	at org.junit.platform.engine.support.hierarchical.ThrowableCollector.execute(ThrowableCollector.java:73)
	at org.junit.platform.engine.support.hierarchical.NodeTestTask.executeRecursively(NodeTestTask.java:138)
	at org.junit.platform.engine.support.hierarchical.NodeTestTask.execute(NodeTestTask.java:95)
	at org.junit.platform.engine.support.hierarchical.SameThreadHierarchicalTestExecutorService.submit(SameThreadHierarchicalTestExecutorService.java:35)
	at org.junit.platform.engine.support.hierarchical.HierarchicalTestExecutor.execute(HierarchicalTestExecutor.java:57)
	at org.junit.platform.engine.support.hierarchical.HierarchicalTestEngine.execute(HierarchicalTestEngine.java:54)
	at org.junit.platform.launcher.core.EngineExecutionOrchestrator.execute(EngineExecutionOrchestrator.java:107)
	at org.junit.platform.launcher.core.EngineExecutionOrchestrator.execute(EngineExecutionOrchestrator.java:88)
	at org.junit.platform.launcher.core.EngineExecutionOrchestrator.lambda$execute$0(EngineExecutionOrchestrator.java:54)
	at org.junit.platform.launcher.core.EngineExecutionOrchestrator.withInterceptedStreams(EngineExecutionOrchestrator.java:67)
	at org.junit.platform.launcher.core.EngineExecutionOrchestrator.execute(EngineExecutionOrchestrator.java:52)
	at org.junit.platform.launcher.core.DefaultLauncher.execute(DefaultLauncher.java:114)
	at org.junit.platform.launcher.core.DefaultLauncher.execute(DefaultLauncher.java:86)
	at org.junit.platform.launcher.core.DefaultLauncherSession$DelegatingLauncher.execute(DefaultLauncherSession.java:86)
	at org.junit.platform.launcher.core.SessionPerRequestLauncher.execute(SessionPerRequestLauncher.java:53)
	at org.apache.maven.surefire.junitplatform.JUnitPlatformProvider.execute(JUnitPlatformProvider.java:188)
	at org.apache.maven.surefire.junitplatform.JUnitPlatformProvider.invokeAllTests(JUnitPlatformProvider.java:154)
	at org.apache.maven.surefire.junitplatform.JUnitPlatformProvider.invoke(JUnitPlatformProvider.java:128)
	at org.apache.maven.surefire.booter.ForkedBooter.runSuitesInProcess(ForkedBooter.java:428)
	at org.apache.maven.surefire.booter.ForkedBooter.execute(ForkedBooter.java:162)
	at org.apache.maven.surefire.booter.ForkedBooter.run(ForkedBooter.java:562)
	at org.apache.maven.surefire.booter.ForkedBooter.main(ForkedBooter.java:548)
]]></system-err>
  </testcase>
</testsuite>